make --dry-run --keep-going --print-directory
/bin/sh: brew: command not found

make: brew: Command not found
make: Entering directory `/Users/vferraro/Documents/42lausanne/Rentree_11.10.21/minishell_new'

gcc -Wall -Wextra -Werror -g -fsanitize=address -Iinclude -c -I. -I //include/ srcs/prompt/prompt.c -o srcs/prompt/prompt.o
 
gcc -Wall -Wextra -Werror -g -fsanitize=address -Iinclude -c -I. -I //include/ srcs/prompt/to_the_end.c -o srcs/prompt/to_the_end.o
gcc -Wall -Wextra -Werror -g -fsanitize=address -Iinclude -c -I. -I //include/ srcs/prompt/path.c -o srcs/prompt/path.o
 
gcc -Wall -Wextra -Werror -g -fsanitize=address -Iinclude -c -I. -I //include/ srcs/parsing/parsing.c -o srcs/parsing/parsing.o
 
gcc -Wall -Wextra -Werror -g -fsanitize=address -Iinclude -c -I. -I //include/ srcs/parsing/signals.c -o srcs/parsing/signals.o
gcc -Wall -Wextra -Werror -g -fsanitize=address -Iinclude -c -I. -I //include/ srcs/parsing/dollar.c -o srcs/parsing/dollar.o
gcc -Wall -Wextra -Werror -g -fsanitize=address -Iinclude -c -I. -I //include/ srcs/parsing/execve.c -o srcs/parsing/execve.o
gcc -Wall -Wextra -Werror -g -fsanitize=address -Iinclude -c -I. -I //include/ srcs/parsing/quotes.c -o srcs/parsing/quotes.o
 
gcc -Wall -Wextra -Werror -g -fsanitize=address -Iinclude -c -I. -I //include/ utils/for_redir.c -o utils/for_redir.o
 
gcc -Wall -Wextra -Werror -g -fsanitize=address -Iinclude -c -I. -I //include/ srcs/prompt/redir.c -o srcs/prompt/redir.o
gcc -Wall -Wextra -Werror -g -fsanitize=address -Iinclude -c -I. -I //include/ srcs/prompt/re_redir.c -o srcs/prompt/re_redir.o
gcc -Wall -Wextra -Werror -g -fsanitize=address -Iinclude -c -I. -I //include/ srcs/parsing/quotes_utils.c -o srcs/parsing/quotes_utils.o
gcc -Wall -Wextra -Werror -g -fsanitize=address -Iinclude -c -I. -I //include/ utils/for_parsing.c -o utils/for_parsing.o
gcc -Wall -Wextra -Werror -g -fsanitize=address -Iinclude -c -I. -I //include/ utils/elem_for_parsing.c -o utils/elem_for_parsing.o
 
gcc -Wall -Wextra -Werror -g -fsanitize=address -Iinclude -c -I. -I //include/ srcs/builtins/b_builtins.c -o srcs/builtins/b_builtins.o
 
gcc -Wall -Wextra -Werror -g -fsanitize=address -Iinclude -c -I. -I //include/ utils/for_redir_security.c -o utils/for_redir_security.o
gcc -Wall -Wextra -Werror -g -fsanitize=address -Iinclude -c -I. -I //include/ utils/ft_split_exception.c -o utils/ft_split_exception.o
gcc -Wall -Wextra -Werror -g -fsanitize=address -Iinclude -c -I. -I //include/ srcs/builtins/b_echo.c -o srcs/builtins/b_echo.o
gcc -Wall -Wextra -Werror -g -fsanitize=address -Iinclude -c -I. -I //include/ srcs/builtins/b_env_utils.c -o srcs/builtins/b_env_utils.o
 
gcc -Wall -Wextra -Werror -g -fsanitize=address -Iinclude -c -I. -I //include/ srcs/memory/free.c -o srcs/memory/free.o
 
gcc -Wall -Wextra -Werror -g -fsanitize=address -Iinclude -c -I. -I //include/ srcs/builtins/b_cd.c -o srcs/builtins/b_cd.o
gcc -Wall -Wextra -Werror -g -fsanitize=address -Iinclude -c -I. -I //include/ srcs/builtins/b_export.c -o srcs/builtins/b_export.o
gcc -Wall -Wextra -Werror -g -fsanitize=address -Iinclude -c -I. -I //include/ utils/ft_split_ex_utils.c -o utils/ft_split_ex_utils.o
gcc -Wall -Wextra -Werror -g -fsanitize=address -Iinclude -c -I. -I //include/ utils/ft_strjoin_free.c -o utils/ft_strjoin_free.o
gcc -Wall -Wextra -Werror -g -fsanitize=address -Iinclude -c -I. -I //include/ srcs/builtins/b_init.c -o srcs/builtins/b_init.o
gcc -Wall -Wextra -Werror -g -fsanitize=address -Iinclude -c -I. -I //include/ srcs/builtins/b_unset.c -o srcs/builtins/b_unset.o
gcc -Wall -Wextra -Werror -g -fsanitize=address -Iinclude -c -I. -I //include/ srcs/builtins/cmd_selector.c -o srcs/builtins/cmd_selector.o
 
gcc -Wall -Wextra -Werror -g -fsanitize=address -Iinclude -c -I. -I //include/ srcs/minishell.c -o srcs/minishell.o
echo "\033[36m---- Compiling library ----"
sleep 0.2
echo "\033[32m📚 Link paths"
/Applications/Xcode.app/Contents/Developer/usr/bin/make -C ./utils/libft/
 
make[1]: Entering directory `/Users/vferraro/Documents/42lausanne/Rentree_11.10.21/minishell_new/utils/libft'
gcc  -Wall -Wextra -Werror   -c -o ft_isalnum.o ft_isalnum.c
gcc  -Wall -Wextra -Werror   -c -o ft_memcmp.o ft_memcmp.c
gcc  -Wall -Wextra -Werror   -c -o ft_strncmp.o ft_strncmp.c
gcc  -Wall -Wextra -Werror   -c -o ft_strlcat.o ft_strlcat.c
gcc  -Wall -Wextra -Werror   -c -o ft_substr.o ft_substr.c
gcc  -Wall -Wextra -Werror   -c -o ft_strdup.o ft_strdup.c
gcc  -Wall -Wextra -Werror   -c -o ft_atoi.o ft_atoi.c
gcc  -Wall -Wextra -Werror   -c -o ft_isalpha.o ft_isalpha.c
gcc  -Wall -Wextra -Werror   -c -o ft_strjoin.o ft_strjoin.c
gcc  -Wall -Wextra -Werror   -c -o ft_memcpy.o ft_memcpy.c
gcc  -Wall -Wextra -Werror   -c -o ft_strchr.o ft_strchr.c
gcc  -Wall -Wextra -Werror   -c -o ft_strlcpy.o ft_strlcpy.c
gcc  -Wall -Wextra -Werror   -c -o ft_strnstr.o ft_strnstr.c
gcc  -Wall -Wextra -Werror   -c -o ft_tolower.o ft_tolower.c
gcc  -Wall -Wextra -Werror   -c -o ft_bzero.o ft_bzero.c
gcc  -Wall -Wextra -Werror   -c -o ft_isascii.o ft_isascii.c
gcc  -Wall -Wextra -Werror   -c -o ft_isprint.o ft_isprint.c
gcc  -Wall -Wextra -Werror   -c -o ft_memmove.o ft_memmove.c
gcc  -Wall -Wextra -Werror   -c -o ft_strlen.o ft_strlen.c
gcc  -Wall -Wextra -Werror   -c -o ft_strrchr.o ft_strrchr.c
gcc  -Wall -Wextra -Werror   -c -o ft_toupper.o ft_toupper.c
gcc  -Wall -Wextra -Werror   -c -o ft_calloc.o ft_calloc.c
gcc  -Wall -Wextra -Werror   -c -o ft_isdigit.o ft_isdigit.c
gcc  -Wall -Wextra -Werror   -c -o ft_memchr.o ft_memchr.c
gcc  -Wall -Wextra -Werror   -c -o ft_memset.o ft_memset.c
gcc  -Wall -Wextra -Werror   -c -o ft_strtrim.o ft_strtrim.c
gcc  -Wall -Wextra -Werror   -c -o ft_putchar_fd.o ft_putchar_fd.c
gcc  -Wall -Wextra -Werror   -c -o ft_putstr_fd.o ft_putstr_fd.c
 
gcc  -Wall -Wextra -Werror   -c -o ft_putendl_fd.o ft_putendl_fd.c
gcc  -Wall -Wextra -Werror   -c -o ft_strcmp.o ft_strcmp.c
gcc  -Wall -Wextra -Werror   -c -o ft_putnbr_fd.o ft_putnbr_fd.c
gcc  -Wall -Wextra -Werror   -c -o ft_itoa.o ft_itoa.c
gcc  -Wall -Wextra -Werror   -c -o ft_strmapi.o ft_strmapi.c
gcc  -Wall -Wextra -Werror   -c -o ft_striteri.o ft_striteri.c
gcc  -Wall -Wextra -Werror   -c -o ft_split.o ft_split.c
ar -rc libft.a ft_isalnum.o ft_memcmp.o ft_strncmp.o ft_strlcat.o ft_substr.o ft_strncmp.o ft_strdup.o ft_atoi.o ft_isalpha.o ft_strjoin.o ft_memcpy.o ft_strchr.o ft_strlcpy.o ft_strlcpy.o ft_strnstr.o ft_tolower.o ft_bzero.o ft_isascii.o ft_memcpy.o ft_isprint.o ft_memmove.o ft_strdup.o ft_strlen.o ft_strrchr.o ft_toupper.o ft_calloc.o ft_isdigit.o ft_memchr.o ft_memset.o ft_strtrim.o ft_putchar_fd.o ft_putstr_fd.o ft_putendl_fd.o ft_strcmp.o ft_putnbr_fd.o ft_itoa.o ft_strmapi.o ft_striteri.o ft_split.o
make[1]: Leaving directory `/Users/vferraro/Documents/42lausanne/Rentree_11.10.21/minishell_new/utils/libft'
/Applications/Xcode.app/Contents/Developer/usr/bin/make -C ./utils/ft_printf/
make[1]: Entering directory `/Users/vferraro/Documents/42lausanne/Rentree_11.10.21/minishell_new/utils/ft_printf'
gcc -Wall -Wextra -Werror   -c -o ft_printf.o ft_printf.c
gcc -Wall -Wextra -Werror   -c -o ft_putchar_c.o ft_putchar_c.c
gcc -Wall -Wextra -Werror   -c -o ft_putstr_s.o ft_putstr_s.c
gcc -Wall -Wextra -Werror   -c -o ft_ptr_p.o ft_ptr_p.c
gcc -Wall -Wextra -Werror   -c -o ft_putnbr_d.o ft_putnbr_d.c
gcc -Wall -Wextra -Werror   -c -o ft_printf_u.o ft_printf_u.c
gcc -Wall -Wextra -Werror   -c -o ft_printfhex_x.o ft_printfhex_x.c
ar -rcs libftprintf.a ft_printf.o ft_putchar_c.o ft_putstr_s.o ft_ptr_p.o ft_putnbr_d.o ft_printf_u.o ft_printfhex_x.o
make[1]: Leaving directory `/Users/vferraro/Documents/42lausanne/Rentree_11.10.21/minishell_new/utils/ft_printf'
gcc -Wall -Wextra -Werror -g -fsanitize=address -lreadline srcs/prompt/prompt.o srcs/prompt/to_the_end.o srcs/prompt/path.o srcs/parsing/parsing.o srcs/parsing/signals.o srcs/parsing/dollar.o srcs/parsing/execve.o srcs/parsing/quotes.o utils/for_redir.o srcs/prompt/redir.o srcs/prompt/re_redir.o srcs/parsing/quotes_utils.o utils/for_parsing.o utils/elem_for_parsing.o srcs/builtins/b_builtins.o utils/for_redir_security.o utils/ft_split_exception.o srcs/builtins/b_echo.o srcs/builtins/b_env_utils.o srcs/memory/free.o srcs/builtins/b_cd.o srcs/builtins/b_export.o utils/ft_split_ex_utils.o utils/ft_strjoin_free.o srcs/builtins/b_init.o srcs/builtins/b_unset.o srcs/builtins/cmd_selector.o srcs/minishell.o -o minishell utils/libft/libft.a utils/ft_printf/libftprintf.a -L //lib/ -lreadline -lhistory
printf "\033[34m🍵 Creating minishell\e[0\n"
sleep 0.2
echo "\033[36mMiniShell Compiled ! \033[39m(\033[31m๑\033[39m╹◡╹\033[31m๑\033[39m)"
sleep 0.2
make: Leaving directory `/Users/vferraro/Documents/42lausanne/Rentree_11.10.21/minishell_new'
 
