make all --print-data-base --no-builtin-variables --no-builtin-rules --question
# GNU Make 3.81
# Copyright (C) 2006  Free Software Foundation, Inc.
# This is free software; see the source for copying conditions.
# There is NO warranty; not even for MERCHANTABILITY or FITNESS FOR A
# PARTICULAR PURPOSE.

# This program built for i386-apple-darwin11.3.0
 
/bin/sh: brew: command not found

make: brew: Command not found
make: *** No rule to make target `srcs/prompt/prompt.o', needed by `minishell'.  Stop.


# Make data base, printed on Thu Oct 27 11:22:55 2022

# Variables

# automatic
<D = $(patsubst %/,%,$(dir $<))
# automatic
?F = $(notdir $?)
# makefile (from `Makefile', line 28)
RL_V := 
# automatic
?D = $(patsubst %/,%,$(dir $?))
# automatic
@D = $(patsubst %/,%,$(dir $@))
# automatic
@F = $(notdir $@)
# makefile
CURDIR := /Users/vferraro/Documents/42lausanne/Rentree_11.10.21/minishell_new
# makefile
SHELL = /bin/sh
# makefile (from `Makefile', line 45)
RM = rm -f
# environment
VSCODE_NLS_CONFIG = {"locale":"en-us","availableLanguages":{},"_languagePackSupport":true}
# environment
_ = /usr/bin/make
# makefile (from `Makefile', line 39)
CFLAGS = -Wall -Wextra -Werror -g -fsanitize=address
# makefile (from `Makefile', line 10)
BLUE = \033[34m
# makefile (from `Makefile', line 36)
PRINTF_PATH = ./utils/ft_printf/
# makefile (from `Makefile', line 1)
MAKEFILE_LIST :=  Makefile
# makefile (from `Makefile', line 29)
RL_P := 
# makefile (from `Makefile', line 23)
OBJS = ${SRCS:.c=.o}
# environment
VSCODE_CWD = /
# environment
PATH = /usr/bin:/bin:/usr/sbin:/sbin:/usr/local/bin
# environment
LaunchInstanceID = 4441572E-2FAE-4085-9DC0-5D5FCF423937
# makefile (from `Makefile', line 44)
AR = ar rc
# environment
ELECTRON_RUN_AS_NODE = 1
# makefile (from `Makefile', line 3)
GREEN2 = \033[32m
# default
.FEATURES := target-specific order-only second-expansion else-if archives jobserver check-symlink
# environment
SSH_AUTH_SOCK = /private/tmp/com.apple.launchd.sli5Cz5HGF/Listeners
# automatic
%F = $(notdir $%)
# makefile (from `Makefile', line 8)
HIDDEN = \e[8m
# environment
PWD = /Users/vferraro/Documents/42lausanne/Rentree_11.10.21/minishell_new
# makefile (from `Makefile', line 30)
RL = $(RL_P)/$(RL_V)
# environment
ORIGINAL_XDG_CURRENT_DESKTOP = undefined
# makefile (from `Makefile', line 2)
GREEN = \e[32m
# environment
VSCODE_AMD_ENTRYPOINT = vs/workbench/api/node/extensionHostProcess
# environment
HOME = /Users/vferraro
# default
MAKEFILEPATH := /Applications/Xcode.app/Contents/Developer/Makefiles
# environment
VSCODE_CODE_CACHE_PATH = /Users/vferraro/Library/Application Support/Code/CachedData/b06ae3b2d2dbfe28bca3134cc6be65935cdfea6a
# environment
LOGNAME = vferraro
# environment
APPLICATION_INSIGHTS_NO_DIAGNOSTIC_CHANNEL = 1
# environment
VSCODE_HANDLES_UNCAUGHT_ERRORS = true
# automatic
^D = $(patsubst %/,%,$(dir $^))
# environment
XPC_FLAGS = 0x0
# default
MAKE = $(MAKE_COMMAND)
# default
MAKECMDGOALS := all
# makefile (from `Makefile', line 15)
SRCS = srcs/prompt/prompt.c srcs/prompt/to_the_end.c srcs/prompt/path.c srcs/parsing/parsing.c srcs/parsing/signals.c srcs/parsing/dollar.c srcs/parsing/execve.c srcs/parsing/quotes.c utils/for_redir.c srcs/prompt/redir.c srcs/prompt/re_redir.c srcs/parsing/quotes_utils.c utils/for_parsing.c utils/elem_for_parsing.c srcs/builtins/b_builtins.c utils/for_redir_security.c utils/ft_split_exception.c srcs/builtins/b_echo.c srcs/builtins/b_env_utils.c srcs/memory/free.c srcs/builtins/b_cd.c srcs/builtins/b_export.c utils/ft_split_ex_utils.c utils/ft_strjoin_free.c srcs/builtins/b_init.c srcs/builtins/b_unset.c srcs/builtins/cmd_selector.c srcs/minishell.c 
# environment
SHLVL = 1
# makefile (from `Makefile', line 5)
WHITE = \e[39m
# makefile (from `Makefile', line 38)
CC = gcc
# default
MAKE_VERSION := 3.81
# environment
USER = vferraro
# makefile
.DEFAULT_GOAL := all
# makefile (from `Makefile', line 13)
NAME = minishell
# makefile (from `Makefile', line 7)
ORANGE = $(shell tput setaf 208)
# automatic
%D = $(patsubst %/,%,$(dir $%))
# makefile (from `Makefile', line 40)
LFLAGS = -lreadline
# default
MAKE_COMMAND := /Applications/Xcode.app/Contents/Developer/usr/bin/make
# makefile (from `Makefile', line 32)
INC = -I. -I $(RL)/include/
# default
.VARIABLES := 
# environment
TMPDIR = /var/folders/zz/zyxvpxvq6csfxvn_n000c_qw0032nz/T/
# automatic
*F = $(notdir $*)
# environment
VSCODE_IPC_HOOK = /Users/vferraro/Library/Application Support/Code/1.69.1-main.sock
# environment
MallocNanoZone = 0
# makefile (from `Makefile', line 4)
RED = \e[31m
# makefile
MAKEFLAGS = Rrqp
# environment
MFLAGS = -Rrqp
# automatic
*D = $(patsubst %/,%,$(dir $*))
# makefile (from `Makefile', line 24)
MAIN = srcs/minishell.c
# environment
XPC_SERVICE_NAME = com.apple.xpc.launchd.oneshot.0x10000002.Electron
# automatic
+D = $(patsubst %/,%,$(dir $+))
# makefile (from `Makefile', line 6)
YELLOW = \033[33m
# makefile (from `Makefile', line 11)
CYAN = \033[36m
# automatic
+F = $(notdir $+)
# environment
__CF_USER_TEXT_ENCODING = 0x18ABF:0x0:0x0
# environment
COMMAND_MODE = unix2003
# default
MAKEFILES := 
# automatic
<F = $(notdir $<)
# makefile (from `Makefile', line 34)
LIB = utils/libft/libft.a utils/ft_printf/libftprintf.a
# makefile (from `Makefile', line 35)
LBFT_PATH = ./utils/libft/
# environment
LC_ALL = C
# makefile (from `Makefile', line 9)
RESET = \e[0
# makefile (from `Makefile', line 26)
HEADER = -Iinclude
# makefile (from `Makefile', line 42)
LIBS = -L $(RL)/lib/ -lreadline -lhistory
# environment
SECURITYSESSIONID = 186a7
# automatic
^F = $(notdir $^)
# default
SUFFIXES := 
# default
.INCLUDE_DIRS = /usr/local/include
# environment
MAKELEVEL := 0
# environment
LANG = C
# environment
VSCODE_PID = 59797
# makefile (from `Makefile', line 1)
PURP = \e[35m
# variable set hash-table stats:
# Load=88/1024=9%, Rehash=0, Collisions=8/120=7%

# Pattern-specific Variable Values

# No pattern-specific variable values.

# Directories

# . (device 16777225, inode 1704655): 12 files, no impossibilities.

# 12 files, no impossibilities in 1 directories.

# Implicit Rules

# No implicit rules.

# Files

# Not a target:
srcs/parsing/signals.o:
#  Implicit rule search has not been done.
#  Modification time never checked.
#  File has not been updated.

# Not a target:
srcs/builtins/cmd_selector.o:
#  Implicit rule search has not been done.
#  Modification time never checked.
#  File has not been updated.

# Not a target:
utils/for_redir.o:
#  Implicit rule search has not been done.
#  Modification time never checked.
#  File has not been updated.

all: minishell
#  Phony target (prerequisite of .PHONY).
#  Command-line target.
#  Implicit rule search has not been done.
#  File does not exist.
#  File has not been updated.
# variable set hash-table stats:
# Load=0/32=0%, Rehash=0, Collisions=0/0=0%

# Not a target:
srcs/memory/free.o:
#  Implicit rule search has not been done.
#  Modification time never checked.
#  File has not been updated.

.PHONY: all clean fclean re party
#  Implicit rule search has not been done.
#  Modification time never checked.
#  File has not been updated.

# Not a target:
srcs/parsing/execve.o:
#  Implicit rule search has not been done.
#  Modification time never checked.
#  File has not been updated.

# Not a target:
srcs/builtins/b_builtins.o:
#  Implicit rule search has not been done.
#  Modification time never checked.
#  File has not been updated.

# Not a target:
srcs/builtins/b_env_utils.o:
#  Implicit rule search has not been done.
#  Modification time never checked.
#  File has not been updated.

# Not a target:
srcs/builtins/b_echo.o:
#  Implicit rule search has not been done.
#  Modification time never checked.
#  File has not been updated.

# Not a target:
srcs/prompt/re_redir.o:
#  Implicit rule search has not been done.
#  Modification time never checked.
#  File has not been updated.

# Not a target:
srcs/builtins/b_export.o:
#  Implicit rule search has not been done.
#  Modification time never checked.
#  File has not been updated.

# Not a target:
.SUFFIXES:
#  Implicit rule search has not been done.
#  Modification time never checked.
#  File has not been updated.

# Not a target:
Makefile:
#  Implicit rule search has been done.
#  Last modified 2022-10-27 11:15:45
#  File has been updated.
#  Successfully updated.
# variable set hash-table stats:
# Load=0/32=0%, Rehash=0, Collisions=0/0=0%

# Not a target:
srcs/prompt/redir.o:
#  Implicit rule search has not been done.
#  Modification time never checked.
#  File has not been updated.

# Not a target:
srcs/parsing/dollar.o:
#  Implicit rule search has not been done.
#  Modification time never checked.
#  File has not been updated.

 
# Not a target:
srcs/prompt/path.o:
#  Implicit rule search has not been done.
#  Modification time never checked.
#  File has not been updated.

# Not a target:
utils/for_redir_security.o:
#  Implicit rule search has not been done.
#  Modification time never checked.
#  File has not been updated.

# Not a target:
srcs/parsing/quotes_utils.o:
#  Implicit rule search has not been done.
#  Modification time never checked.
#  File has not been updated.

minishell: srcs/prompt/prompt.o srcs/prompt/to_the_end.o srcs/prompt/path.o srcs/parsing/parsing.o srcs/parsing/signals.o srcs/parsing/dollar.o srcs/parsing/execve.o srcs/parsing/quotes.o utils/for_redir.o srcs/prompt/redir.o srcs/prompt/re_redir.o srcs/parsing/quotes_utils.o utils/for_parsing.o utils/elem_for_parsing.o srcs/builtins/b_builtins.o utils/for_redir_security.o utils/ft_split_exception.o srcs/builtins/b_echo.o srcs/builtins/b_env_utils.o srcs/memory/free.o srcs/builtins/b_cd.o srcs/builtins/b_export.o utils/ft_split_ex_utils.o utils/ft_strjoin_free.o srcs/builtins/b_init.o srcs/builtins/b_unset.o srcs/builtins/cmd_selector.o srcs/minishell.o
#  Implicit rule search has not been done.
#  File does not exist.
#  File has not been updated.
# variable set hash-table stats:
# Load=0/32=0%, Rehash=0, Collisions=0/0=0%
#  commands to execute (from `Makefile', line 53):
	@echo "$(CYAN)---- Compiling library ----"
	@sleep 0.2
	@echo "$(GREEN2)ðŸ“š Link paths"
	@$(MAKE) -C $(LBFT_PATH)
	@$(MAKE) -C $(PRINTF_PATH)
	@$(CC) $(CFLAGS) ${LFLAGS} ${OBJS} -o $(NAME) $(LIB) $(LIBS)
	@printf "$(BLUE)ðŸµ Creating $(NAME)$(RESET)\n"
	@sleep 0.2
	@echo "$(CYAN)MiniShell Compiled ! \033[39m(\033[31mà¹‘\033[39mâ•¹â—¡â•¹\033[31mà¹‘\033[39m)"
	@sleep 0.2
	

.c.o: .c.c
#  Implicit rule search has not been done.
#  Implicit/static pattern stem: `.c'
#  Modification time never checked.
#  File has not been updated.
#  commands to execute (from `Makefile', line 48):
	@gcc ${CFLAGS} ${HEADER} -c $(INC) $< -o $(<:.c=.o)
	

fclean: clean
#  Phony target (prerequisite of .PHONY).
#  Implicit rule search has not been done.
#  File does not exist.
#  File has not been updated.
#  commands to execute (from `Makefile', line 77):
	@${RM} $(NAME)
	@$(MAKE) -C $(LBFT_PATH) fclean
	@echo "\033[31mEverything is deleting now ! Â¯\_(ãƒ„)_/Â¯"
	@sleep 0.2
	@printf "\r$(PURP)ðŸ—‘  $(NAME) have been removed$(RESET)\n"
	@sleep 0.2
	

party:
#  Phony target (prerequisite of .PHONY).
#  Implicit rule search has not been done.
#  File does not exist.
#  File has not been updated.

# Not a target:
srcs/minishell.o:
#  Implicit rule search has not been done.
#  Modification time never checked.
#  File has not been updated.

# Not a target:
.DEFAULT:
#  Implicit rule search has not been done.
#  Modification time never checked.
#  File has not been updated.

re: fclean all
#  Phony target (prerequisite of .PHONY).
#  Implicit rule search has not been done.
#  File does not exist.
#  File has not been updated.

# Not a target:
utils/ft_split_ex_utils.o:
#  Implicit rule search has not been done.
#  Modification time never checked.
#  File has not been updated.

clean:
#  Phony target (prerequisite of .PHONY).
#  Implicit rule search has not been done.
#  File does not exist.
#  File has not been updated.
#  commands to execute (from `Makefile', line 65):
	@${RM} ${OBJS}
	@echo "$(YELLOW)---- Cleaning library ----"
	@sleep 0.2
	@printf "$(BLUE)ðŸ§½ Cleaning $(NAME)$(RESET)\n"
	@$(MAKE) -C $(LBFT_PATH) clean
	@$(MAKE) -C $(PRINTF_PATH) clean
	@echo "$(GREEN2)ðŸ“š Cleaning paths"
	@sleep 0.2
	@echo "$(YELLOW)MiniShell is all clean ! $(ORANGE)(ï¾‰â—•ãƒ®â—•)ï¾‰$(YELLOW)*:ï½¥ï¾Ÿâœ§"
	@sleep 0.2
	

# Not a target:
srcs/builtins/b_unset.o:
#  Implicit rule search has not been done.
#  Modification time never checked.
#  File has not been updated.

# Not a target:
srcs/prompt/to_the_end.o:
#  Implicit rule search has not been done.
#  Modification time never checked.
#  File has not been updated.

# Not a target:
srcs/parsing/quotes.o:
#  Implicit rule search has not been done.
#  Modification time never checked.
#  File has not been updated.

# Not a target:
srcs/parsing/parsing.o:
#  Implicit rule search has not been done.
#  Modification time never checked.
#  File has not been updated.

# Not a target:
.c.c:
#  Implicit rule search has not been done.
#  Modification time never checked.
#  File has not been updated.

# Not a target:
utils/elem_for_parsing.o:
#  Implicit rule search has not been done.
#  Modification time never checked.
#  File has not been updated.

# Not a target:
srcs/builtins/b_init.o:
#  Implicit rule search has not been done.
#  Modification time never checked.
#  File has not been updated.

# Not a target:
utils/ft_strjoin_free.o:
#  Implicit rule search has not been done.
#  Modification time never checked.
#  File has not been updated.

# Not a target:
srcs/prompt/prompt.o:
#  Implicit rule search has been done.
#  File does not exist.
#  File has not been updated.
# variable set hash-table stats:
# Load=0/32=0%, Rehash=0, Collisions=0/0=0%

# Not a target:
utils/ft_split_exception.o:
#  Implicit rule search has not been done.
#  Modification time never checked.
#  File has not been updated.

# Not a target:
utils/for_parsing.o:
#  Implicit rule search has not been done.
#  Modification time never checked.
#  File has not been updated.

# Not a target:
srcs/builtins/b_cd.o:
#  Implicit rule search has not been done.
#  Modification time never checked.
#  File has not been updated.

# files hash-table stats:
# Load=40/1024=4%, Rehash=0, Collisions=0/91=0%
# VPATH Search Paths

# No `vpath' search paths.

# No general (`VPATH' variable) search path.

# # of strings in strcache: 1
# # of strcache buffers: 1
# strcache size: total = 4096 / max = 4096 / min = 4096 / avg = 4096
# strcache free: total = 4087 / max = 4087 / min = 4087 / avg = 4087

# Finished Make data base on Thu Oct 27 11:22:55 2022

 
